<?xml version="1.0" encoding="UTF-8"?>
<!-- Generated by org.testng.reporters.JUnitReportReporter -->
<testsuite hostname="ATHIRA-S-LAPTOP" failures="0" tests="1" name="ecomsite_artifactId.loginPage_testcase" time="48.962" errors="0" timestamp="2022-08-05T13:32:00 GST" skipped="0">
  <testcase classname="ecomsite_artifactId.loginPage_testcase" name="login" time="48.962"/>
  <system-out/>
</testsuite> <!-- ecomsite_artifactId.loginPage_testcase -->
