<?xml version="1.0" encoding="UTF-8"?>
<!-- Generated by org.testng.reporters.JUnitReportReporter -->
<testsuite hostname="ATHIRA-S-LAPTOP" failures="0" tests="3" name="ecomsite_artifactId.indexPage_testcase" time="57.212" errors="0" timestamp="2022-08-05T22:12:15 GST" skipped="0">
  <testcase classname="ecomsite_artifactId.indexPage_testcase" name="verifyLogo3" time="15.442"/>
  <system-out/>
  <testcase classname="ecomsite_artifactId.indexPage_testcase" name="verifyLogo3" time="22.278"/>
  <system-out/>
  <testcase classname="ecomsite_artifactId.indexPage_testcase" name="verifyLogo3" time="19.492"/>
  <system-out/>
</testsuite> <!-- ecomsite_artifactId.indexPage_testcase -->
